<?xml version="1.0" encoding="UTF-8"?>
<!-- Generated by org.testng.reporters.JUnitXMLReporter -->
<testsuite ignored="0" hostname="DESKTOP-32VREN9" failures="0" tests="3" name="Test" time="68.15" errors="0" timestamp="2023-09-07T17:05:30 IST">
  <testcase classname="SeleniumTests.AssertionsFirst" name="FirstTestMethod" time="10.573"/>
  <testcase classname="SeleniumTests.HardANDSoftAsserts" name="SoftAssertMethod" time="9.307"/>
  <testcase classname="SeleniumTests.HomepagevalidationAndNavigation" name="Homepagevalidation" time="15.856"/>
</testsuite> <!-- Test -->
