<?xml version="1.0" encoding="UTF-8"?>
<testng-results ignored="0" total="1" passed="1" failed="0" skipped="0">
  <reporter-output>
  </reporter-output>
  <suite started-at="2025-02-28T18:16:36 IST" name="Default suite" finished-at="2025-02-28T18:16:44 IST" duration-ms="7988">
    <groups>
    </groups>
    <test started-at="2025-02-28T18:16:36 IST" name="Default test" finished-at="2025-02-28T18:16:44 IST" duration-ms="7988">
      <class name="SeleniumTests.AssertionsFirst">
        <test-method signature="FirstTestMethod()[pri:0, instance:SeleniumTests.AssertionsFirst@62379589]" started-at="2025-02-28T18:16:36 IST" name="FirstTestMethod" finished-at="2025-02-28T18:16:44 IST" duration-ms="7922" status="PASS">
          <reporter-output>
          </reporter-output>
        </test-method> <!-- FirstTestMethod -->
      </class> <!-- SeleniumTests.AssertionsFirst -->
    </test> <!-- Default test -->
  </suite> <!-- Default suite -->
</testng-results>
